#
# A fatal error has been detected by the Java Runtime Environment:
#
#  SIGSEGV (0xb) at pc=0x00007f144ba1ab3e, pid=7208, tid=139724822882048
#
# JRE version: 7.0_21-b02
# Java VM: OpenJDK 64-Bit Server VM (23.7-b01 mixed mode linux-amd64 compressed oops)
# Problematic frame:
# V  [libjvm.so+0x628b3e]  LinkResolver::runtime_resolve_virtual_method(CallInfo&, methodHandle, KlassHandle, Handle, KlassHandle, bool, Thread*)+0xfe
#
# Failed to write core dump. Core dumps have been disabled. To enable core dumping, try "ulimit -c unlimited" before starting Java again
#
# If you would like to submit a bug report, please include
# instructions on how to reproduce the bug and visit:
#   https://bugs.launchpad.net/ubuntu/+source/openjdk-7/
#

---------------  T H R E A D  ---------------

Current thread (0x00007f144482b800):  JavaThread "JRubyJIT-2" daemon [_thread_in_vm, id=7223, stack(0x00007f14384f2000,0x00007f14386f3000)]

siginfo:si_signo=SIGSEGV: si_errno=0, si_code=1 (SEGV_MAPERR), si_addr=0x000000000082012c

Registers:
RAX=0x00000000008200ff, RBX=0x00007f144482bde0, RCX=0x0000000000010014, RDX=0x00007f144482bde8
RSP=0x00007f14386f0770, RBP=0x00007f14386f0810, RSI=0x00000000d7654650, RDI=0x00007f14386f08f0
R8 =0x00007f144482bdc8, R9 =0x00000000008200ff, R10=0x00007f144482bdb8, R11=0x0000000000000001
R12=0x00007f14386f08f0, R13=0x00007f144482bdb8, R14=0x0000000000000001, R15=0x00007f144482bdd0
RIP=0x00007f144ba1ab3e, EFLAGS=0x0000000000010202, CSGSFS=0x0000000000000033, ERR=0x0000000000000004
  TRAPNO=0x000000000000000e

Top of Stack: (sp=0x00007f14386f0770)
0x00007f14386f0770:   00007f14386f0820 00007f144ba1aca5
0x00007f14386f0780:   0000000000000004 c16d5d35c7e8c500
0x00007f14386f0790:   00000000d7d02e48 00000000000000b7
0x00007f14386f07a0:   00007f14386f07f0 00007f144baaa36f
0x00007f14386f07b0:   00007f144482b800 00007f144483e920
0x00007f14386f07c0:   00000000d7990a08 00007f144482b800
0x00007f14386f07d0:   00000000000002a9 c16d5d35c7e8c500
0x00007f14386f07e0:   00007f14386f0810 00007f144482bdc8
0x00007f14386f07f0:   00007f144482bda0 00007f14386f08f0
0x00007f14386f0800:   00007f144482b800 00007f1444032e10
0x00007f14386f0810:   00007f14386f08a0 00007f144ba1c8e3
0x00007f14386f0820:   00007f144482b800 00007f1444032e11
0x00007f14386f0830:   00007f14386f0850 c16d5d35c7e8c500
0x00007f14386f0840:   00007f14386f0860 00007f14386f0920
0x00007f14386f0850:   00007f1444522880 00007f144482bdb8
0x00007f14386f0860:   00007f144482bdd0 00007f1444032e10
0x00007f14386f0870:   0000000000000002 00007f14386f0920
0x00007f14386f0880:   00007f144482b800 00000000d799c317
0x00007f14386f0890:   00000000d7990a08 00007f144482bda0
0x00007f14386f08a0:   00007f14386f0980 00007f144b9132e0
0x00007f14386f08b0:   00007f14386f0990 00007f144b9139b9
0x00007f14386f08c0:   00007f1410054f00 00007f14386f08f0
0x00007f14386f08d0:   00007f144482bda8 000000b6006f0900
0x00007f14386f08e0:   00007f144482b800 000000b6006f0940
0x00007f14386f08f0:   0000000000000000 0000000000000000
0x00007f14386f0900:   0000000000000000 0000000000000000
0x00007f14386f0910:   00007f144482bdd0 00007f144482bde0
0x00007f14386f0920:   00007f14386f09a0 00007f144101cc43
0x00007f14386f0930:   00007f1441005410 00007f1400000000
0x00007f14386f0940:   00007f14386f09f8 00007f14386f09a0
0x00007f14386f0950:   0000000000000001 00000000000000b6
0x00007f14386f0960:   0000000000000000 00000000d799c317 

Instructions: (pc=0x00007f144ba1ab3e)
0x00007f144ba1ab1e:   d6 05 00 00 48 89 50 10 48 85 db 4c 89 0b 0f 84
0x00007f144ba1ab2e:   f4 02 00 00 45 84 f6 0f 84 45 01 00 00 48 8b 03
0x00007f144ba1ab3e:   f6 40 2d 04 0f 84 38 01 00 00 48 8b 48 10 4c 8b
0x00007f144ba1ab4e:   40 18 48 8b 55 10 0f b7 71 42 49 8d 78 40 4c 8b 

Register to memory mapping:

RAX=0x00000000008200ff is an unknown value
RBX=0x00007f144482bde0 is an unknown value
RCX=0x0000000000010014 is an unknown value
RDX=0x00007f144482bde8 is an unknown value
RSP=0x00007f14386f0770 is pointing into the stack for thread: 0x00007f144482b800
RBP=0x00007f14386f0810 is pointing into the stack for thread: 0x00007f144482b800
RSI=0x00000000d7654650 is an oop
{instance class} 
 - klass: {other class}
RDI=0x00007f14386f08f0 is pointing into the stack for thread: 0x00007f144482b800
R8 =0x00007f144482bdc8 is an unknown value
R9 =0x00000000008200ff is an unknown value
R10=0x00007f144482bdb8 is an unknown value
R11=0x0000000000000001 is an unknown value
R12=0x00007f14386f08f0 is pointing into the stack for thread: 0x00007f144482b800
R13=0x00007f144482bdb8 is an unknown value
R14=0x0000000000000001 is an unknown value
R15=0x00007f144482bdd0 is an unknown value


Stack: [0x00007f14384f2000,0x00007f14386f3000],  sp=0x00007f14386f0770,  free space=2041k
Native frames: (J=compiled Java code, j=interpreted, Vv=VM code, C=native code)
V  [libjvm.so+0x628b3e]  LinkResolver::runtime_resolve_virtual_method(CallInfo&, methodHandle, KlassHandle, Handle, KlassHandle, bool, Thread*)+0xfe
V  [libjvm.so+0x62a8e3]  LinkResolver::resolve_invokevirtual(CallInfo&, Handle, constantPoolHandle, int, Thread*)+0x1d3
V  [libjvm.so+0x5212e0]  InterpreterRuntime::resolve_invoke(JavaThread*, Bytecodes::Code)+0x250
j  org.jruby.compiler.ASTCompiler.compileDAsgn(Lorg/jruby/ast/Node;Lorg/jruby/compiler/BodyCompiler;Z)V+31
j  org.jruby.compiler.ASTCompiler.compile(Lorg/jruby/ast/Node;Lorg/jruby/compiler/BodyCompiler;Z)V+625
j  org.jruby.compiler.ASTCompiler19.compile(Lorg/jruby/ast/Node;Lorg/jruby/compiler/BodyCompiler;Z)V+86
j  org.jruby.compiler.ASTCompiler.compileNewline(Lorg/jruby/ast/Node;Lorg/jruby/compiler/BodyCompiler;Z)V+46
j  org.jruby.compiler.ASTCompiler.compile(Lorg/jruby/ast/Node;Lorg/jruby/compiler/BodyCompiler;Z)V+956
j  org.jruby.compiler.ASTCompiler19.compile(Lorg/jruby/ast/Node;Lorg/jruby/compiler/BodyCompiler;Z)V+86
j  org.jruby.compiler.ASTCompiler.compileBlock(Lorg/jruby/ast/Node;Lorg/jruby/compiler/BodyCompiler;Z)V+59
j  org.jruby.compiler.ASTCompiler.compile(Lorg/jruby/ast/Node;Lorg/jruby/compiler/BodyCompiler;Z)V+505
j  org.jruby.compiler.ASTCompiler19.compile(Lorg/jruby/ast/Node;Lorg/jruby/compiler/BodyCompiler;Z)V+86
j  org.jruby.compiler.ASTCompiler19$10.call(Lorg/jruby/compiler/BodyCompiler;)V+23
j  org.jruby.compiler.impl.BaseBodyCompiler.createNewClosure19(Ljava/lang/String;ILorg/jruby/parser/StaticScope;ILorg/jruby/compiler/CompilerCallback;Lorg/jruby/compiler/CompilerCallback;ZLorg/jruby/ast/NodeType;Ljava/lang/String;Lorg/jruby/compiler/ASTInspector;)V+192
j  org.jruby.compiler.ASTCompiler19.compileIter(Lorg/jruby/ast/Node;Lorg/jruby/compiler/BodyCompiler;)V+212
j  org.jruby.compiler.ASTCompiler.compile(Lorg/jruby/ast/Node;Lorg/jruby/compiler/BodyCompiler;Z)V+864
j  org.jruby.compiler.ASTCompiler19.compile(Lorg/jruby/ast/Node;Lorg/jruby/compiler/BodyCompiler;Z)V+86
j  org.jruby.compiler.ASTCompiler$67.call(Lorg/jruby/compiler/BodyCompiler;)V+10
j  org.jruby.compiler.impl.StandardInvocationCompiler.invokeDynamic(Ljava/lang/String;Lorg/jruby/compiler/CompilerCallback;Lorg/jruby/compiler/ArgumentsCallback;Lorg/jruby/runtime/CallType;Lorg/jruby/compiler/CompilerCallback;Z)V+144
j  org.jruby.compiler.ASTCompiler.compileCall(Lorg/jruby/ast/Node;Lorg/jruby/compiler/BodyCompiler;Z)V+279
j  org.jruby.compiler.ASTCompiler.compile(Lorg/jruby/ast/Node;Lorg/jruby/compiler/BodyCompiler;Z)V+525
j  org.jruby.compiler.ASTCompiler19.compile(Lorg/jruby/ast/Node;Lorg/jruby/compiler/BodyCompiler;Z)V+86
j  org.jruby.compiler.ASTCompiler.compileNewline(Lorg/jruby/ast/Node;Lorg/jruby/compiler/BodyCompiler;Z)V+46
j  org.jruby.compiler.ASTCompiler.compile(Lorg/jruby/ast/Node;Lorg/jruby/compiler/BodyCompiler;Z)V+956
j  org.jruby.compiler.ASTCompiler19.compile(Lorg/jruby/ast/Node;Lorg/jruby/compiler/BodyCompiler;Z)V+86
j  org.jruby.compiler.ASTCompiler.compileBlock(Lorg/jruby/ast/Node;Lorg/jruby/compiler/BodyCompiler;Z)V+59
j  org.jruby.compiler.ASTCompiler.compile(Lorg/jruby/ast/Node;Lorg/jruby/compiler/BodyCompiler;Z)V+505
j  org.jruby.compiler.ASTCompiler19.compile(Lorg/jruby/ast/Node;Lorg/jruby/compiler/BodyCompiler;Z)V+86
j  org.jruby.compiler.ASTCompiler.compileBody(Lorg/jruby/ast/Node;Lorg/jruby/compiler/BodyCompiler;Z)V+15
j  org.jruby.compiler.JITCompiler$JITClassGenerator.compile()V+316
j  org.jruby.compiler.JITCompiler$JITClassGenerator.generate()V+1
j  org.jruby.util.ClassCache.defineClass(Lorg/jruby/util/ClassCache$ClassGenerator;)Ljava/lang/Class;+89
j  org.jruby.util.ClassCache.cacheClassByKey(Ljava/lang/Object;Lorg/jruby/util/ClassCache$ClassGenerator;)Ljava/lang/Class;+57
j  org.jruby.compiler.JITCompiler$1.run()V+304
j  java.util.concurrent.Executors$RunnableAdapter.call()Ljava/lang/Object;+4
j  java.util.concurrent.FutureTask$Sync.innerRun()V+29
j  java.util.concurrent.FutureTask.run()V+4
j  java.util.concurrent.ThreadPoolExecutor.runWorker(Ljava/util/concurrent/ThreadPoolExecutor$Worker;)V+95
j  java.util.concurrent.ThreadPoolExecutor$Worker.run()V+5
j  java.lang.Thread.run()V+11
v  ~StubRoutines::call_stub
V  [libjvm.so+0x529c7c]  JavaCalls::call_helper(JavaValue*, methodHandle*, JavaCallArguments*, Thread*)+0x32c
V  [libjvm.so+0x528ef1]  JavaCalls::call_virtual(JavaValue*, KlassHandle, Symbol*, Symbol*, JavaCallArguments*, Thread*)+0x1d1
V  [libjvm.so+0x528f4f]  JavaCalls::call_virtual(JavaValue*, Handle, KlassHandle, Symbol*, Symbol*, Thread*)+0x4f
V  [libjvm.so+0x56080f]  thread_entry(JavaThread*, Thread*)+0xaf
V  [libjvm.so+0x816462]  JavaThread::thread_main_inner()+0xf2
V  [libjvm.so+0x6f9b62]  java_start(Thread*)+0xf2

Java frames: (J=compiled Java code, j=interpreted, Vv=VM code)
j  org.jruby.compiler.ASTCompiler.compileDAsgn(Lorg/jruby/ast/Node;Lorg/jruby/compiler/BodyCompiler;Z)V+31
j  org.jruby.compiler.ASTCompiler.compile(Lorg/jruby/ast/Node;Lorg/jruby/compiler/BodyCompiler;Z)V+625
j  org.jruby.compiler.ASTCompiler19.compile(Lorg/jruby/ast/Node;Lorg/jruby/compiler/BodyCompiler;Z)V+86
j  org.jruby.compiler.ASTCompiler.compileNewline(Lorg/jruby/ast/Node;Lorg/jruby/compiler/BodyCompiler;Z)V+46
j  org.jruby.compiler.ASTCompiler.compile(Lorg/jruby/ast/Node;Lorg/jruby/compiler/BodyCompiler;Z)V+956
j  org.jruby.compiler.ASTCompiler19.compile(Lorg/jruby/ast/Node;Lorg/jruby/compiler/BodyCompiler;Z)V+86
j  org.jruby.compiler.ASTCompiler.compileBlock(Lorg/jruby/ast/Node;Lorg/jruby/compiler/BodyCompiler;Z)V+59
j  org.jruby.compiler.ASTCompiler.compile(Lorg/jruby/ast/Node;Lorg/jruby/compiler/BodyCompiler;Z)V+505
j  org.jruby.compiler.ASTCompiler19.compile(Lorg/jruby/ast/Node;Lorg/jruby/compiler/BodyCompiler;Z)V+86
j  org.jruby.compiler.ASTCompiler19$10.call(Lorg/jruby/compiler/BodyCompiler;)V+23
j  org.jruby.compiler.impl.BaseBodyCompiler.createNewClosure19(Ljava/lang/String;ILorg/jruby/parser/StaticScope;ILorg/jruby/compiler/CompilerCallback;Lorg/jruby/compiler/CompilerCallback;ZLorg/jruby/ast/NodeType;Ljava/lang/String;Lorg/jruby/compiler/ASTInspector;)V+192
j  org.jruby.compiler.ASTCompiler19.compileIter(Lorg/jruby/ast/Node;Lorg/jruby/compiler/BodyCompiler;)V+212
j  org.jruby.compiler.ASTCompiler.compile(Lorg/jruby/ast/Node;Lorg/jruby/compiler/BodyCompiler;Z)V+864
j  org.jruby.compiler.ASTCompiler19.compile(Lorg/jruby/ast/Node;Lorg/jruby/compiler/BodyCompiler;Z)V+86
j  org.jruby.compiler.ASTCompiler$67.call(Lorg/jruby/compiler/BodyCompiler;)V+10
j  org.jruby.compiler.impl.StandardInvocationCompiler.invokeDynamic(Ljava/lang/String;Lorg/jruby/compiler/CompilerCallback;Lorg/jruby/compiler/ArgumentsCallback;Lorg/jruby/runtime/CallType;Lorg/jruby/compiler/CompilerCallback;Z)V+144
j  org.jruby.compiler.ASTCompiler.compileCall(Lorg/jruby/ast/Node;Lorg/jruby/compiler/BodyCompiler;Z)V+279
j  org.jruby.compiler.ASTCompiler.compile(Lorg/jruby/ast/Node;Lorg/jruby/compiler/BodyCompiler;Z)V+525
j  org.jruby.compiler.ASTCompiler19.compile(Lorg/jruby/ast/Node;Lorg/jruby/compiler/BodyCompiler;Z)V+86
j  org.jruby.compiler.ASTCompiler.compileNewline(Lorg/jruby/ast/Node;Lorg/jruby/compiler/BodyCompiler;Z)V+46
j  org.jruby.compiler.ASTCompiler.compile(Lorg/jruby/ast/Node;Lorg/jruby/compiler/BodyCompiler;Z)V+956
j  org.jruby.compiler.ASTCompiler19.compile(Lorg/jruby/ast/Node;Lorg/jruby/compiler/BodyCompiler;Z)V+86
j  org.jruby.compiler.ASTCompiler.compileBlock(Lorg/jruby/ast/Node;Lorg/jruby/compiler/BodyCompiler;Z)V+59
j  org.jruby.compiler.ASTCompiler.compile(Lorg/jruby/ast/Node;Lorg/jruby/compiler/BodyCompiler;Z)V+505
j  org.jruby.compiler.ASTCompiler19.compile(Lorg/jruby/ast/Node;Lorg/jruby/compiler/BodyCompiler;Z)V+86
j  org.jruby.compiler.ASTCompiler.compileBody(Lorg/jruby/ast/Node;Lorg/jruby/compiler/BodyCompiler;Z)V+15
j  org.jruby.compiler.JITCompiler$JITClassGenerator.compile()V+316
j  org.jruby.compiler.JITCompiler$JITClassGenerator.generate()V+1
j  org.jruby.util.ClassCache.defineClass(Lorg/jruby/util/ClassCache$ClassGenerator;)Ljava/lang/Class;+89
j  org.jruby.util.ClassCache.cacheClassByKey(Ljava/lang/Object;Lorg/jruby/util/ClassCache$ClassGenerator;)Ljava/lang/Class;+57
j  org.jruby.compiler.JITCompiler$1.run()V+304
j  java.util.concurrent.Executors$RunnableAdapter.call()Ljava/lang/Object;+4
j  java.util.concurrent.FutureTask$Sync.innerRun()V+29
j  java.util.concurrent.FutureTask.run()V+4
j  java.util.concurrent.ThreadPoolExecutor.runWorker(Ljava/util/concurrent/ThreadPoolExecutor$Worker;)V+95
j  java.util.concurrent.ThreadPoolExecutor$Worker.run()V+5
j  java.lang.Thread.run()V+11
v  ~StubRoutines::call_stub

---------------  P R O C E S S  ---------------

Java Threads: ( => current thread )
=>0x00007f144482b800 JavaThread "JRubyJIT-2" daemon [_thread_in_vm, id=7223, stack(0x00007f14384f2000,0x00007f14386f3000)]
  0x00007f1444820800 JavaThread "JRubyJIT-1" daemon [_thread_in_Java, id=7222, stack(0x00007f14386f3000,0x00007f14388f4000)]
  0x00007f1444116000 JavaThread "Service Thread" daemon [_thread_blocked, id=7220, stack(0x00007f143a24e000,0x00007f143a44f000)]
  0x00007f1444114000 JavaThread "C2 CompilerThread1" daemon [_thread_in_native, id=7219, stack(0x00007f14401f5000,0x00007f14402f6000)]
  0x00007f1444111000 JavaThread "C2 CompilerThread0" daemon [_thread_in_native, id=7218, stack(0x00007f14402f6000,0x00007f14403f7000)]
  0x00007f144410f000 JavaThread "Signal Dispatcher" daemon [_thread_blocked, id=7217, stack(0x00007f14403f7000,0x00007f14405f8000)]
  0x00007f14440b9000 JavaThread "Finalizer" daemon [_thread_blocked, id=7216, stack(0x00007f14405f8000,0x00007f14407f9000)]
  0x00007f14440b6800 JavaThread "Reference Handler" daemon [_thread_blocked, id=7215, stack(0x00007f14407f9000,0x00007f14409fa000)]
  0x00007f1444009800 JavaThread "main" [_thread_in_vm, id=7209, stack(0x00007f144a9dc000,0x00007f144abdd000)]

Other Threads:
  0x00007f14440ae800 VMThread [stack: 0x00007f14409fa000,0x00007f1440afb000] [id=7214]
  0x00007f1444121000 WatcherThread [stack: 0x00007f14400f4000,0x00007f14401f5000] [id=7221]

VM state:not at safepoint (normal execution)

VM Mutex/Monitor currently owned by a thread: None

Heap
 PSYoungGen      total 33408K, used 14683K [0x00000000f5960000, 0x00000000f7c80000, 0x0000000100000000)
  eden space 30848K, 39% used [0x00000000f5960000,0x00000000f653c250,0x00000000f7780000)
  from space 2560K, 99% used [0x00000000f7a00000,0x00000000f7c7a9e8,0x00000000f7c80000)
  to   space 2560K, 0% used [0x00000000f7780000,0x00000000f7780000,0x00000000f7a00000)
 ParOldGen       total 41088K, used 4782K [0x00000000e0c00000, 0x00000000e3420000, 0x00000000f5960000)
  object space 41088K, 11% used [0x00000000e0c00000,0x00000000e10aba48,0x00000000e3420000)
 PSPermGen       total 23744K, used 23620K [0x00000000d6600000, 0x00000000d7d30000, 0x00000000e0c00000)
  object space 23744K, 99% used [0x00000000d6600000,0x00000000d7d11238,0x00000000d7d30000)

Card table byte_map: [0x00007f1449803000,0x00007f1449951000] byte_map_base: 0x00007f1449150000

Polling page: 0x00007f144ceeb000

Code Cache  [0x00007f1441000000, 0x00007f1441270000, 0x00007f1444000000)
 total_blobs=733 nmethods=266 adapters=419 free_code_cache=47864Kb largest_free_block=48988992

Compilation events (10 events):
Event: 1.932 Thread 0x00007f1444114000  266             org.jruby.lexer.yacc.RubyYaccLexer::identifier (764 bytes)
Event: 1.964 Thread 0x00007f1444111000  267             org.jruby.RubyBasicObject::isNil (15 bytes)
Event: 1.964 Thread 0x00007f1444111000 nmethod 267 0x00007f1441144790 code [0x00007f14411448c0, 0x00007f1441144918]
Event: 1.965 Thread 0x00007f1444111000  268             org.jruby.util.PerlHash::hash (66 bytes)
Event: 1.967 Thread 0x00007f1444111000 nmethod 268 0x00007f1441144410 code [0x00007f1441144540, 0x00007f14411446f8]
Event: 1.968 Thread 0x00007f1444111000  269             org.jruby.runtime.opto.ObjectIdentityInvalidator::getData (5 bytes)
Event: 1.968 Thread 0x00007f1444111000 nmethod 269 0x00007f1441144210 code [0x00007f1441144340, 0x00007f1441144398]
Event: 1.969 Thread 0x00007f1444111000  270             org.jruby.ast.BlockNode::interpret (47 bytes)
Event: 1.973 Thread 0x00007f1444111000 nmethod 270 0x00007f1441143650 code [0x00007f14411437e0, 0x00007f1441143bd8]
Event: 1.978 Thread 0x00007f1444111000  271             org.jruby.compiler.ASTInspector::inspect (3189 bytes)

GC Heap History (4 events):
Event: 0.804 GC heap before
{Heap before GC invocations=1 (full 0):
 PSYoungGen      total 17984K, used 15424K [0x00000000f5960000, 0x00000000f6d70000, 0x0000000100000000)
  eden space 15424K, 100% used [0x00000000f5960000,0x00000000f6870000,0x00000000f6870000)
  from space 2560K, 0% used [0x00000000f6af0000,0x00000000f6af0000,0x00000000f6d70000)
  to   space 2560K, 0% used [0x00000000f6870000,0x00000000f6870000,0x00000000f6af0000)
 ParOldGen       total 41088K, used 0K [0x00000000e0c00000, 0x00000000e3420000, 0x00000000f5960000)
  object space 41088K, 0% used [0x00000000e0c00000,0x00000000e0c00000,0x00000000e3420000)
 PSPermGen       total 21248K, used 18548K [0x00000000d6600000, 0x00000000d7ac0000, 0x00000000e0c00000)
  object space 21248K, 87% used [0x00000000d6600000,0x00000000d781d2a8,0x00000000d7ac0000)
Event: 0.819 GC heap after
Heap after GC invocations=1 (full 0):
 PSYoungGen      total 17984K, used 2554K [0x00000000f5960000, 0x00000000f7c80000, 0x0000000100000000)
  eden space 15424K, 0% used [0x00000000f5960000,0x00000000f5960000,0x00000000f6870000)
  from space 2560K, 99% used [0x00000000f6870000,0x00000000f6aee9d8,0x00000000f6af0000)
  to   space 2560K, 0% used [0x00000000f7a00000,0x00000000f7a00000,0x00000000f7c80000)
 ParOldGen       total 41088K, used 1987K [0x00000000e0c00000, 0x00000000e3420000, 0x00000000f5960000)
  object space 41088K, 4% used [0x00000000e0c00000,0x00000000e0df0e70,0x00000000e3420000)
 PSPermGen       total 21248K, used 18548K [0x00000000d6600000, 0x00000000d7ac0000, 0x00000000e0c00000)
  object space 21248K, 87% used [0x00000000d6600000,0x00000000d781d2a8,0x00000000d7ac0000)
}
Event: 1.653 GC heap before
{Heap before GC invocations=2 (full 0):
 PSYoungGen      total 17984K, used 17978K [0x00000000f5960000, 0x00000000f7c80000, 0x0000000100000000)
  eden space 15424K, 100% used [0x00000000f5960000,0x00000000f6870000,0x00000000f6870000)
  from space 2560K, 99% used [0x00000000f6870000,0x00000000f6aee9d8,0x00000000f6af0000)
  to   space 2560K, 0% used [0x00000000f7a00000,0x00000000f7a00000,0x00000000f7c80000)
 ParOldGen       total 41088K, used 1987K [0x00000000e0c00000, 0x00000000e3420000, 0x00000000f5960000)
  object space 41088K, 4% used [0x00000000e0c00000,0x00000000e0df0e70,0x00000000e3420000)
 PSPermGen       total 23552K, used 23410K [0x00000000d6600000, 0x00000000d7d00000, 0x00000000e0c00000)
  object space 23552K, 99% used [0x00000000d6600000,0x00000000d7cdca60,0x00000000d7d00000)
Event: 1.665 GC heap after
Heap after GC invocations=2 (full 0):
 PSYoungGen      total 33408K, used 2538K [0x00000000f5960000, 0x00000000f7c80000, 0x0000000100000000)
  eden space 30848K, 0% used [0x00000000f5960000,0x00000000f5960000,0x00000000f7780000)
  from space 2560K, 99% used [0x00000000f7a00000,0x00000000f7c7a9e8,0x00000000f7c80000)
  to   space 2560K, 0% used [0x00000000f7780000,0x00000000f7780000,0x00000000f7a00000)
 ParOldGen       total 41088K, used 4782K [0x00000000e0c00000, 0x00000000e3420000, 0x00000000f5960000)
  object space 41088K, 11% used [0x00000000e0c00000,0x00000000e10aba48,0x00000000e3420000)
 PSPermGen       total 23552K, used 23410K [0x00000000d6600000, 0x00000000d7d00000, 0x00000000e0c00000)
  object space 23552K, 99% used [0x00000000d6600000,0x00000000d7cdca60,0x00000000d7d00000)
}

Deoptimization events (10 events):
Event: 1.439 Thread 0x00007f1444009800 Uncommon trap -34 fr.pc 0x00007f144108332c
Event: 1.439 Thread 0x00007f1444009800 Uncommon trap -34 fr.pc 0x00007f14410862d8
Event: 1.450 Thread 0x00007f1444009800 Uncommon trap -34 fr.pc 0x00007f14410d0c80
Event: 1.452 Thread 0x00007f1444009800 Uncommon trap -34 fr.pc 0x00007f14410d0c80
Event: 1.453 Thread 0x00007f1444009800 Uncommon trap -34 fr.pc 0x00007f14410d0c80
Event: 1.456 Thread 0x00007f1444009800 Uncommon trap -34 fr.pc 0x00007f14410d0c80
Event: 1.491 Thread 0x00007f1444009800 Uncommon trap -34 fr.pc 0x00007f14410906b0
Event: 1.564 Thread 0x00007f1444820800 Uncommon trap -34 fr.pc 0x00007f1441074b04
Event: 1.569 Thread 0x00007f144482b800 Uncommon trap -34 fr.pc 0x00007f1441074b04
Event: 1.569 Thread 0x00007f144482b800 Uncommon trap -34 fr.pc 0x00007f1441074b04

Internal exceptions (10 events):
Event: 1.882 Thread 0x00007f1444820800 Threw 0x00000000f5a2e278 at /build/buildd/openjdk-7-7u21-2.3.9/build/openjdk/hotspot/src/share/vm/prims/jvm.cpp:1166
Event: 1.882 Thread 0x00007f1444820800 Threw 0x00000000f5a2f458 at /build/buildd/openjdk-7-7u21-2.3.9/build/openjdk/hotspot/src/share/vm/prims/jvm.cpp:1166
Event: 1.943 Thread 0x00007f144482b800 Threw 0x00000000f5c646b8 at /build/buildd/openjdk-7-7u21-2.3.9/build/openjdk/hotspot/src/share/vm/prims/jvm.cpp:1166
Event: 1.943 Thread 0x00007f144482b800 Threw 0x00000000f5c659f8 at /build/buildd/openjdk-7-7u21-2.3.9/build/openjdk/hotspot/src/share/vm/prims/jvm.cpp:1166
Event: 1.970 Thread 0x00007f1444820800 Threw 0x00000000f5f21b10 at /build/buildd/openjdk-7-7u21-2.3.9/build/openjdk/hotspot/src/share/vm/prims/jvm.cpp:1166
Event: 1.970 Thread 0x00007f1444820800 Threw 0x00000000f5f22ed0 at /build/buildd/openjdk-7-7u21-2.3.9/build/openjdk/hotspot/src/share/vm/prims/jvm.cpp:1166
Event: 1.973 Thread 0x00007f1444820800 Threw 0x00000000f614e640 at /build/buildd/openjdk-7-7u21-2.3.9/build/openjdk/hotspot/src/share/vm/prims/jvm.cpp:1166
Event: 1.973 Thread 0x00007f1444820800 Threw 0x00000000f614f7b8 at /build/buildd/openjdk-7-7u21-2.3.9/build/openjdk/hotspot/src/share/vm/prims/jvm.cpp:1166
Event: 1.975 Thread 0x00007f144482b800 Threw 0x00000000f61818a8 at /build/buildd/openjdk-7-7u21-2.3.9/build/openjdk/hotspot/src/share/vm/prims/jvm.cpp:1166
Event: 1.975 Thread 0x00007f144482b800 Threw 0x00000000f6182ab8 at /build/buildd/openjdk-7-7u21-2.3.9/build/openjdk/hotspot/src/share/vm/prims/jvm.cpp:1166

Events (10 events):
Event: 1.975 loading class 0x00007f14446b1870
Event: 1.975 loading class 0x00007f14446b1870 done
Event: 1.975 loading class 0x00007f1444699370
Event: 1.975 loading class 0x00007f1444699370 done
Event: 1.975 loading class 0x00007f1444699330
Event: 1.976 loading class 0x00007f1444699330 done
Event: 1.976 loading class 0x00007f14446b2bf0
Event: 1.976 loading class 0x00007f14446b2bf0 done
Event: 1.978 loading class 0x00007f14446b2070
Event: 1.983 loading class 0x00007f14446b2070 done


Dynamic libraries:
00400000-00401000 r-xp 00000000 08:03 144795                             /usr/lib/jvm/java-7-openjdk-amd64/jre/bin/java
00600000-00601000 r--p 00000000 08:03 144795                             /usr/lib/jvm/java-7-openjdk-amd64/jre/bin/java
00601000-00602000 rw-p 00001000 08:03 144795                             /usr/lib/jvm/java-7-openjdk-amd64/jre/bin/java
019d7000-019f8000 rw-p 00000000 00:00 0                                  [heap]
d6600000-d7d30000 rw-p 00000000 00:00 0 
d7d30000-e0c00000 rw-p 00000000 00:00 0 
e0c00000-e3420000 rw-p 00000000 00:00 0 
e3420000-f5960000 rw-p 00000000 00:00 0 
f5960000-f7c80000 rw-p 00000000 00:00 0 
f7c80000-100000000 rw-p 00000000 00:00 0 
7f13fc000000-7f13fc021000 rw-p 00000000 00:00 0 
7f13fc021000-7f1400000000 ---p 00000000 00:00 0 
7f1400000000-7f1400219000 rw-p 00000000 00:00 0 
7f1400219000-7f1404000000 ---p 00000000 00:00 0 
7f1404000000-7f1404021000 rw-p 00000000 00:00 0 
7f1404021000-7f1408000000 ---p 00000000 00:00 0 
7f1408000000-7f1408021000 rw-p 00000000 00:00 0 
7f1408021000-7f140c000000 ---p 00000000 00:00 0 
7f140c000000-7f140cd3d000 rw-p 00000000 00:00 0 
7f140cd3d000-7f1410000000 ---p 00000000 00:00 0 
7f1410000000-7f1410df4000 rw-p 00000000 00:00 0 
7f1410df4000-7f1414000000 ---p 00000000 00:00 0 
7f1414000000-7f1414021000 rw-p 00000000 00:00 0 
7f1414021000-7f1418000000 ---p 00000000 00:00 0 
7f1418000000-7f1418021000 rw-p 00000000 00:00 0 
7f1418021000-7f141c000000 ---p 00000000 00:00 0 
7f141c000000-7f141c021000 rw-p 00000000 00:00 0 
7f141c021000-7f1420000000 ---p 00000000 00:00 0 
7f1420000000-7f1420021000 rw-p 00000000 00:00 0 
7f1420021000-7f1424000000 ---p 00000000 00:00 0 
7f1424000000-7f1424021000 rw-p 00000000 00:00 0 
7f1424021000-7f1428000000 ---p 00000000 00:00 0 
7f142c000000-7f142c021000 rw-p 00000000 00:00 0 
7f142c021000-7f1430000000 ---p 00000000 00:00 0 
7f1434000000-7f1434021000 rw-p 00000000 00:00 0 
7f1434021000-7f1438000000 ---p 00000000 00:00 0 
7f14384f2000-7f14384f5000 ---p 00000000 00:00 0 
7f14384f5000-7f14386f3000 rw-p 00000000 00:00 0                          [stack:7223]
7f14386f3000-7f14386f6000 ---p 00000000 00:00 0 
7f14386f6000-7f14388f4000 rw-p 00000000 00:00 0                          [stack:7222]
7f14388f4000-7f1438906000 r-xp 00000000 08:03 2112727                    /home/vivek/.rvm/rubies/jruby-1.7.3/lib/native/x86_64-Linux/libjffi-1.2.so
7f1438906000-7f1438b05000 ---p 00012000 08:03 2112727                    /home/vivek/.rvm/rubies/jruby-1.7.3/lib/native/x86_64-Linux/libjffi-1.2.so
7f1438b05000-7f1438b06000 rw-p 00011000 08:03 2112727                    /home/vivek/.rvm/rubies/jruby-1.7.3/lib/native/x86_64-Linux/libjffi-1.2.so
7f1438b06000-7f1438b16000 r-xp 00000000 08:03 144762                     /usr/lib/jvm/java-7-openjdk-amd64/jre/lib/amd64/libnio.so
7f1438b16000-7f1438d16000 ---p 00010000 08:03 144762                     /usr/lib/jvm/java-7-openjdk-amd64/jre/lib/amd64/libnio.so
7f1438d16000-7f1438d17000 r--p 00010000 08:03 144762                     /usr/lib/jvm/java-7-openjdk-amd64/jre/lib/amd64/libnio.so
7f1438d17000-7f1438d18000 rw-p 00011000 08:03 144762                     /usr/lib/jvm/java-7-openjdk-amd64/jre/lib/amd64/libnio.so
7f1438d18000-7f1438d54000 r-xp 00000000 08:03 3673822                    /lib/x86_64-linux-gnu/libpcre.so.3.13.1
7f1438d54000-7f1438f53000 ---p 0003c000 08:03 3673822                    /lib/x86_64-linux-gnu/libpcre.so.3.13.1
7f1438f53000-7f1438f54000 r--p 0003b000 08:03 3673822                    /lib/x86_64-linux-gnu/libpcre.so.3.13.1
7f1438f54000-7f1438f55000 rw-p 0003c000 08:03 3673822                    /lib/x86_64-linux-gnu/libpcre.so.3.13.1
7f1438f55000-7f1438f5c000 r-xp 00000000 08:03 138901                     /usr/lib/x86_64-linux-gnu/libffi.so.6.0.0
7f1438f5c000-7f143915b000 ---p 00007000 08:03 138901                     /usr/lib/x86_64-linux-gnu/libffi.so.6.0.0
7f143915b000-7f143915c000 r--p 00006000 08:03 138901                     /usr/lib/x86_64-linux-gnu/libffi.so.6.0.0
7f143915c000-7f143915d000 rw-p 00007000 08:03 138901                     /usr/lib/x86_64-linux-gnu/libffi.so.6.0.0
7f143915d000-7f1439175000 r-xp 00000000 08:03 3682415                    /lib/x86_64-linux-gnu/libresolv-2.15.so
7f1439175000-7f1439375000 ---p 00018000 08:03 3682415                    /lib/x86_64-linux-gnu/libresolv-2.15.so
7f1439375000-7f1439376000 r--p 00018000 08:03 3682415                    /lib/x86_64-linux-gnu/libresolv-2.15.so
7f1439376000-7f1439377000 rw-p 00019000 08:03 3682415                    /lib/x86_64-linux-gnu/libresolv-2.15.so
7f1439377000-7f1439379000 rw-p 00000000 00:00 0 
7f1439379000-7f1439396000 r-xp 00000000 08:03 3673841                    /lib/x86_64-linux-gnu/libselinux.so.1
7f1439396000-7f1439595000 ---p 0001d000 08:03 3673841                    /lib/x86_64-linux-gnu/libselinux.so.1
7f1439595000-7f1439596000 r--p 0001c000 08:03 3673841                    /lib/x86_64-linux-gnu/libselinux.so.1
7f1439596000-7f1439597000 rw-p 0001d000 08:03 3673841                    /lib/x86_64-linux-gnu/libselinux.so.1
7f1439597000-7f1439598000 rw-p 00000000 00:00 0 
7f1439598000-7f143959b000 r-xp 00000000 08:03 131482                     /usr/lib/x86_64-linux-gnu/libgmodule-2.0.so.0.3400.1
7f143959b000-7f143979a000 ---p 00003000 08:03 131482                     /usr/lib/x86_64-linux-gnu/libgmodule-2.0.so.0.3400.1
7f143979a000-7f143979b000 r--p 00002000 08:03 131482                     /usr/lib/x86_64-linux-gnu/libgmodule-2.0.so.0.3400.1
7f143979b000-7f143979c000 rw-p 00003000 08:03 131482                     /usr/lib/x86_64-linux-gnu/libgmodule-2.0.so.0.3400.1
7f143979c000-7f1439891000 r-xp 00000000 08:03 3673717                    /lib/x86_64-linux-gnu/libglib-2.0.so.0.3400.1
7f1439891000-7f1439a90000 ---p 000f5000 08:03 3673717                    /lib/x86_64-linux-gnu/libglib-2.0.so.0.3400.1
7f1439a90000-7f1439a91000 r--p 000f4000 08:03 3673717                    /lib/x86_64-linux-gnu/libglib-2.0.so.0.3400.1
7f1439a91000-7f1439a92000 rw-p 000f5000 08:03 3673717                    /lib/x86_64-linux-gnu/libglib-2.0.so.0.3400.1
7f1439a92000-7f1439a93000 rw-p 00000000 00:00 0 
7f1439a93000-7f1439ae0000 r-xp 00000000 08:03 131464                     /usr/lib/x86_64-linux-gnu/libgobject-2.0.so.0.3400.1
7f1439ae0000-7f1439ce0000 ---p 0004d000 08:03 131464                     /usr/lib/x86_64-linux-gnu/libgobject-2.0.so.0.3400.1
7f1439ce0000-7f1439ce1000 r--p 0004d000 08:03 131464                     /usr/lib/x86_64-linux-gnu/libgobject-2.0.so.0.3400.1
7f1439ce1000-7f1439ce2000 rw-p 0004e000 08:03 131464                     /usr/lib/x86_64-linux-gnu/libgobject-2.0.so.0.3400.1
7f1439ce2000-7f1439e30000 r-xp 00000000 08:03 132584                     /usr/lib/x86_64-linux-gnu/libgio-2.0.so.0.3400.1
7f1439e30000-7f143a02f000 ---p 0014e000 08:03 132584                     /usr/lib/x86_64-linux-gnu/libgio-2.0.so.0.3400.1
7f143a02f000-7f143a033000 r--p 0014d000 08:03 132584                     /usr/lib/x86_64-linux-gnu/libgio-2.0.so.0.3400.1
7f143a033000-7f143a035000 rw-p 00151000 08:03 132584                     /usr/lib/x86_64-linux-gnu/libgio-2.0.so.0.3400.1
7f143a035000-7f143a037000 rw-p 00000000 00:00 0 
7f143a037000-7f143a04d000 r-xp 00000000 08:03 144766                     /usr/lib/jvm/java-7-openjdk-amd64/jre/lib/amd64/libnet.so
7f143a04d000-7f143a24c000 ---p 00016000 08:03 144766                     /usr/lib/jvm/java-7-openjdk-amd64/jre/lib/amd64/libnet.so
7f143a24c000-7f143a24d000 r--p 00015000 08:03 144766                     /usr/lib/jvm/java-7-openjdk-amd64/jre/lib/amd64/libnet.so
7f143a24d000-7f143a24e000 rw-p 00016000 08:03 144766                     /usr/lib/jvm/java-7-openjdk-amd64/jre/lib/amd64/libnet.so
7f143a24e000-7f143a251000 ---p 00000000 00:00 0 
7f143a251000-7f143a44f000 rw-p 00000000 00:00 0                          [stack:7220]
7f143a44f000-7f143ab30000 r--p 00000000 08:03 137717                     /usr/lib/locale/locale-archive
7f143ab30000-7f143c000000 rw-p 00000000 00:00 0 
7f143c000000-7f143c021000 rw-p 00000000 00:00 0 
7f143c021000-7f1440000000 ---p 00000000 00:00 0 
7f14400f4000-7f14400f5000 ---p 00000000 00:00 0 
7f14400f5000-7f14401f5000 rw-p 00000000 00:00 0                          [stack:7221]
7f14401f5000-7f14401f8000 ---p 00000000 00:00 0 
7f14401f8000-7f14402f6000 rw-p 00000000 00:00 0                          [stack:7219]
7f14402f6000-7f14402f9000 ---p 00000000 00:00 0 
7f14402f9000-7f14403f7000 rw-p 00000000 00:00 0                          [stack:7218]
7f14403f7000-7f14403fa000 ---p 00000000 00:00 0 
7f14403fa000-7f14405f8000 rw-p 00000000 00:00 0                          [stack:7217]
7f14405f8000-7f14405fb000 ---p 00000000 00:00 0 
7f14405fb000-7f14407f9000 rw-p 00000000 00:00 0                          [stack:7216]
7f14407f9000-7f14407fc000 ---p 00000000 00:00 0 
7f14407fc000-7f14409fa000 rw-p 00000000 00:00 0                          [stack:7215]
7f14409fa000-7f14409fb000 ---p 00000000 00:00 0 
7f14409fb000-7f1441000000 rw-p 00000000 00:00 0                          [stack:7214]
7f1441000000-7f1441270000 rwxp 00000000 00:00 0 
7f1441270000-7f14448a3000 rw-p 00000000 00:00 0 
7f14448a3000-7f1448000000 ---p 00000000 00:00 0 
7f14480d8000-7f14480df000 r--s 00000000 08:03 538864                     /usr/lib/x86_64-linux-gnu/gconv/gconv-modules.cache
7f14480df000-7f14480e4000 r--s 0004c000 08:03 144246                     /usr/lib/jvm/java-7-openjdk-common/jre/lib/jsse.jar
7f14480e4000-7f1448bcf000 rw-p 00000000 00:00 0 
7f1448bcf000-7f1448cb2000 r--s 00b44000 08:03 2113272                    /home/vivek/.rvm/rubies/jruby-1.7.3/lib/jruby.jar
7f1448cb2000-7f1448d1e000 rw-p 00000000 00:00 0 
7f1448d1e000-7f1448ecb000 r--s 01cde000 08:03 144748                     /usr/lib/jvm/java-7-openjdk-amd64/jre/lib/rt.jar
7f1448ecb000-7f14493ff000 rw-p 00000000 00:00 0 
7f14493ff000-7f1449400000 ---p 00000000 00:00 0 
7f1449400000-7f1449500000 rw-p 00000000 00:00 0                          [stack:7213]
7f1449500000-7f1449501000 ---p 00000000 00:00 0 
7f1449501000-7f1449601000 rw-p 00000000 00:00 0                          [stack:7212]
7f1449601000-7f1449602000 ---p 00000000 00:00 0 
7f1449602000-7f1449702000 rw-p 00000000 00:00 0                          [stack:7211]
7f1449702000-7f1449703000 ---p 00000000 00:00 0 
7f1449703000-7f144980f000 rw-p 00000000 00:00 0                          [stack:7210]
7f144980f000-7f1449856000 rw-p 00000000 00:00 0 
7f1449856000-7f144986b000 rw-p 00000000 00:00 0 
7f144986b000-7f14498fc000 rw-p 00000000 00:00 0 
7f14498fc000-7f144990f000 rw-p 00000000 00:00 0 
7f144990f000-7f1449950000 rw-p 00000000 00:00 0 
7f1449950000-7f1449951000 rw-p 00000000 00:00 0 
7f1449951000-7f1449959000 r-xp 00000000 08:03 144793                     /usr/lib/jvm/java-7-openjdk-amd64/jre/lib/amd64/libzip.so
7f1449959000-7f1449b58000 ---p 00008000 08:03 144793                     /usr/lib/jvm/java-7-openjdk-amd64/jre/lib/amd64/libzip.so
7f1449b58000-7f1449b59000 r--p 00007000 08:03 144793                     /usr/lib/jvm/java-7-openjdk-amd64/jre/lib/amd64/libzip.so
7f1449b59000-7f1449b5a000 rw-p 00008000 08:03 144793                     /usr/lib/jvm/java-7-openjdk-amd64/jre/lib/amd64/libzip.so
7f1449b5a000-7f1449b66000 r-xp 00000000 08:03 3682411                    /lib/x86_64-linux-gnu/libnss_files-2.15.so
7f1449b66000-7f1449d65000 ---p 0000c000 08:03 3682411                    /lib/x86_64-linux-gnu/libnss_files-2.15.so
7f1449d65000-7f1449d66000 r--p 0000b000 08:03 3682411                    /lib/x86_64-linux-gnu/libnss_files-2.15.so
7f1449d66000-7f1449d67000 rw-p 0000c000 08:03 3682411                    /lib/x86_64-linux-gnu/libnss_files-2.15.so
7f1449d67000-7f1449d71000 r-xp 00000000 08:03 3682406                    /lib/x86_64-linux-gnu/libnss_nis-2.15.so
7f1449d71000-7f1449f71000 ---p 0000a000 08:03 3682406                    /lib/x86_64-linux-gnu/libnss_nis-2.15.so
7f1449f71000-7f1449f72000 r--p 0000a000 08:03 3682406                    /lib/x86_64-linux-gnu/libnss_nis-2.15.so
7f1449f72000-7f1449f73000 rw-p 0000b000 08:03 3682406                    /lib/x86_64-linux-gnu/libnss_nis-2.15.so
7f1449f73000-7f1449f8a000 r-xp 00000000 08:03 3682421                    /lib/x86_64-linux-gnu/libnsl-2.15.so
7f1449f8a000-7f144a189000 ---p 00017000 08:03 3682421                    /lib/x86_64-linux-gnu/libnsl-2.15.so
7f144a189000-7f144a18a000 r--p 00016000 08:03 3682421                    /lib/x86_64-linux-gnu/libnsl-2.15.so
7f144a18a000-7f144a18b000 rw-p 00017000 08:03 3682421                    /lib/x86_64-linux-gnu/libnsl-2.15.so
7f144a18b000-7f144a18d000 rw-p 00000000 00:00 0 
7f144a18d000-7f144a195000 r-xp 00000000 08:03 3682425                    /lib/x86_64-linux-gnu/libnss_compat-2.15.so
7f144a195000-7f144a394000 ---p 00008000 08:03 3682425                    /lib/x86_64-linux-gnu/libnss_compat-2.15.so
7f144a394000-7f144a395000 r--p 00007000 08:03 3682425                    /lib/x86_64-linux-gnu/libnss_compat-2.15.so
7f144a395000-7f144a396000 rw-p 00008000 08:03 3682425                    /lib/x86_64-linux-gnu/libnss_compat-2.15.so
7f144a396000-7f144a3c1000 r-xp 00000000 08:03 144777                     /usr/lib/jvm/java-7-openjdk-amd64/jre/lib/amd64/libjava.so
7f144a3c1000-7f144a5c0000 ---p 0002b000 08:03 144777                     /usr/lib/jvm/java-7-openjdk-amd64/jre/lib/amd64/libjava.so
7f144a5c0000-7f144a5c1000 r--p 0002a000 08:03 144777                     /usr/lib/jvm/java-7-openjdk-amd64/jre/lib/amd64/libjava.so
7f144a5c1000-7f144a5c3000 rw-p 0002b000 08:03 144777                     /usr/lib/jvm/java-7-openjdk-amd64/jre/lib/amd64/libjava.so
7f144a5c3000-7f144a5d2000 r-xp 00000000 08:03 144776                     /usr/lib/jvm/java-7-openjdk-amd64/jre/lib/amd64/libverify.so
7f144a5d2000-7f144a7d1000 ---p 0000f000 08:03 144776                     /usr/lib/jvm/java-7-openjdk-amd64/jre/lib/amd64/libverify.so
7f144a7d1000-7f144a7d3000 r--p 0000e000 08:03 144776                     /usr/lib/jvm/java-7-openjdk-amd64/jre/lib/amd64/libverify.so
7f144a7d3000-7f144a7d4000 rw-p 00010000 08:03 144776                     /usr/lib/jvm/java-7-openjdk-amd64/jre/lib/amd64/libverify.so
7f144a7d4000-7f144a7db000 r-xp 00000000 08:03 3682413                    /lib/x86_64-linux-gnu/librt-2.15.so
7f144a7db000-7f144a9da000 ---p 00007000 08:03 3682413                    /lib/x86_64-linux-gnu/librt-2.15.so
7f144a9da000-7f144a9db000 r--p 00006000 08:03 3682413                    /lib/x86_64-linux-gnu/librt-2.15.so
7f144a9db000-7f144a9dc000 rw-p 00007000 08:03 3682413                    /lib/x86_64-linux-gnu/librt-2.15.so
7f144a9dc000-7f144a9df000 ---p 00000000 00:00 0 
7f144a9df000-7f144abdd000 rw-p 00000000 00:00 0                          [stack:7209]
7f144abdd000-7f144abf2000 r-xp 00000000 08:03 3673760                    /lib/x86_64-linux-gnu/libgcc_s.so.1
7f144abf2000-7f144adf1000 ---p 00015000 08:03 3673760                    /lib/x86_64-linux-gnu/libgcc_s.so.1
7f144adf1000-7f144adf2000 r--p 00014000 08:03 3673760                    /lib/x86_64-linux-gnu/libgcc_s.so.1
7f144adf2000-7f144adf3000 rw-p 00015000 08:03 3673760                    /lib/x86_64-linux-gnu/libgcc_s.so.1
7f144adf3000-7f144aeee000 r-xp 00000000 08:03 3682422                    /lib/x86_64-linux-gnu/libm-2.15.so
7f144aeee000-7f144b0ed000 ---p 000fb000 08:03 3682422                    /lib/x86_64-linux-gnu/libm-2.15.so
7f144b0ed000-7f144b0ee000 r--p 000fa000 08:03 3682422                    /lib/x86_64-linux-gnu/libm-2.15.so
7f144b0ee000-7f144b0ef000 rw-p 000fb000 08:03 3682422                    /lib/x86_64-linux-gnu/libm-2.15.so
7f144b0ef000-7f144b1d4000 r-xp 00000000 08:03 139346                     /usr/lib/x86_64-linux-gnu/libstdc++.so.6.0.17
7f144b1d4000-7f144b3d3000 ---p 000e5000 08:03 139346                     /usr/lib/x86_64-linux-gnu/libstdc++.so.6.0.17
7f144b3d3000-7f144b3db000 r--p 000e4000 08:03 139346                     /usr/lib/x86_64-linux-gnu/libstdc++.so.6.0.17
7f144b3db000-7f144b3dd000 rw-p 000ec000 08:03 139346                     /usr/lib/x86_64-linux-gnu/libstdc++.so.6.0.17
7f144b3dd000-7f144b3f2000 rw-p 00000000 00:00 0 
7f144b3f2000-7f144bded000 r-xp 00000000 08:03 144782                     /usr/lib/jvm/java-7-openjdk-amd64/jre/lib/amd64/server/libjvm.so
7f144bded000-7f144bfec000 ---p 009fb000 08:03 144782                     /usr/lib/jvm/java-7-openjdk-amd64/jre/lib/amd64/server/libjvm.so
7f144bfec000-7f144c06b000 r--p 009fa000 08:03 144782                     /usr/lib/jvm/java-7-openjdk-amd64/jre/lib/amd64/server/libjvm.so
7f144c06b000-7f144c08e000 rw-p 00a79000 08:03 144782                     /usr/lib/jvm/java-7-openjdk-amd64/jre/lib/amd64/server/libjvm.so
7f144c08e000-7f144c0b9000 rw-p 00000000 00:00 0 
7f144c0b9000-7f144c0cf000 r-xp 00000000 08:03 3673869                    /lib/x86_64-linux-gnu/libz.so.1.2.7
7f144c0cf000-7f144c2ce000 ---p 00016000 08:03 3673869                    /lib/x86_64-linux-gnu/libz.so.1.2.7
7f144c2ce000-7f144c2cf000 r--p 00015000 08:03 3673869                    /lib/x86_64-linux-gnu/libz.so.1.2.7
7f144c2cf000-7f144c2d0000 rw-p 00016000 08:03 3673869                    /lib/x86_64-linux-gnu/libz.so.1.2.7
7f144c2d0000-7f144c2e8000 r-xp 00000000 08:03 3682409                    /lib/x86_64-linux-gnu/libpthread-2.15.so
7f144c2e8000-7f144c4e7000 ---p 00018000 08:03 3682409                    /lib/x86_64-linux-gnu/libpthread-2.15.so
7f144c4e7000-7f144c4e8000 r--p 00017000 08:03 3682409                    /lib/x86_64-linux-gnu/libpthread-2.15.so
7f144c4e8000-7f144c4e9000 rw-p 00018000 08:03 3682409                    /lib/x86_64-linux-gnu/libpthread-2.15.so
7f144c4e9000-7f144c4ed000 rw-p 00000000 00:00 0 
7f144c4ed000-7f144c4ef000 r-xp 00000000 08:03 3682424                    /lib/x86_64-linux-gnu/libdl-2.15.so
7f144c4ef000-7f144c6ef000 ---p 00002000 08:03 3682424                    /lib/x86_64-linux-gnu/libdl-2.15.so
7f144c6ef000-7f144c6f0000 r--p 00002000 08:03 3682424                    /lib/x86_64-linux-gnu/libdl-2.15.so
7f144c6f0000-7f144c6f1000 rw-p 00003000 08:03 3682424                    /lib/x86_64-linux-gnu/libdl-2.15.so
7f144c6f1000-7f144c8a6000 r-xp 00000000 08:03 3682426                    /lib/x86_64-linux-gnu/libc-2.15.so
7f144c8a6000-7f144caa5000 ---p 001b5000 08:03 3682426                    /lib/x86_64-linux-gnu/libc-2.15.so
7f144caa5000-7f144caa9000 r--p 001b4000 08:03 3682426                    /lib/x86_64-linux-gnu/libc-2.15.so
7f144caa9000-7f144caab000 rw-p 001b8000 08:03 3682426                    /lib/x86_64-linux-gnu/libc-2.15.so
7f144caab000-7f144cab0000 rw-p 00000000 00:00 0 
7f144cab4000-7f144cab7000 r--s 0000f000 08:03 139453                     /usr/lib/jvm/java-7-openjdk-common/jre/lib/ext/pulse-java.jar
7f144cab7000-7f144caba000 r--s 00032000 08:03 139394                     /usr/lib/jvm/java-7-openjdk-common/jre/lib/ext/sunjce_provider.jar
7f144caba000-7f144cabd000 r--s 0003c000 08:03 138985                     /usr/lib/jvm/java-7-openjdk-common/jre/lib/ext/sunpkcs11.jar
7f144cabd000-7f144cabf000 r--s 00012000 08:03 141757                     /usr/lib/jvm/java-7-openjdk-common/jre/lib/ext/zipfs.jar
7f144cabf000-7f144cac3000 r--s 00085000 08:03 138987                     /usr/lib/jvm/java-7-openjdk-common/jre/lib/ext/localedata.jar
7f144cac3000-7f144cad0000 r-xp 00000000 08:03 144759                     /usr/lib/jvm/java-7-openjdk-amd64/jre/lib/amd64/jli/libjli.so
7f144cad0000-7f144cccf000 ---p 0000d000 08:03 144759                     /usr/lib/jvm/java-7-openjdk-amd64/jre/lib/amd64/jli/libjli.so
7f144cccf000-7f144ccd0000 r--p 0000c000 08:03 144759                     /usr/lib/jvm/java-7-openjdk-amd64/jre/lib/amd64/jli/libjli.so
7f144ccd0000-7f144ccd1000 rw-p 0000d000 08:03 144759                     /usr/lib/jvm/java-7-openjdk-amd64/jre/lib/amd64/jli/libjli.so
7f144ccd1000-7f144ccf3000 r-xp 00000000 08:03 3682414                    /lib/x86_64-linux-gnu/ld-2.15.so
7f144ccf4000-7f144ccf5000 rw-p 00000000 00:00 0 
7f144ccf5000-7f144ccf6000 r-xp 00000000 00:00 0 
7f144ccf6000-7f144ccf7000 r--s 00002000 08:03 141756                     /usr/lib/jvm/java-7-openjdk-common/jre/lib/ext/dnsns.jar
7f144ccf7000-7f144cd00000 r--s 000bc000 08:03 138851                     /usr/lib/jvm/java-7-openjdk-common/jre/lib/resources.jar
7f144cd00000-7f144cd34000 rw-p 00000000 00:00 0 
7f144cd34000-7f144cd7b000 rw-p 00000000 00:00 0 
7f144cd7b000-7f144cd90000 rw-p 00000000 00:00 0 
7f144cd90000-7f144ce22000 rw-p 00000000 00:00 0 
7f144ce22000-7f144ce2c000 rw-p 00000000 00:00 0 
7f144ce2c000-7f144cee2000 rw-p 00000000 00:00 0 
7f144cee2000-7f144ceea000 rw-s 00000000 08:03 3538974                    /tmp/hsperfdata_vivek/7208
7f144ceea000-7f144ceeb000 rw-p 00000000 00:00 0 
7f144ceeb000-7f144ceec000 r--p 00000000 00:00 0 
7f144ceec000-7f144cef3000 rw-p 00000000 00:00 0 
7f144cef3000-7f144cef4000 r--p 00022000 08:03 3682414                    /lib/x86_64-linux-gnu/ld-2.15.so
7f144cef4000-7f144cef6000 rw-p 00023000 08:03 3682414                    /lib/x86_64-linux-gnu/ld-2.15.so
7fff46c1c000-7fff46c3d000 rw-p 00000000 00:00 0                          [stack]
7fff46dab000-7fff46dac000 r-xp 00000000 00:00 0                          [vdso]
ffffffffff600000-ffffffffff601000 r-xp 00000000 00:00 0                  [vsyscall]

VM Arguments:
jvm_args: -Djdk.home= -Djruby.home=/home/vivek/.rvm/rubies/jruby-1.7.3 -Djruby.script=jruby -Djruby.shell=/bin/sh -Djffi.boot.library.path=/home/vivek/.rvm/rubies/jruby-1.7.3/lib/native:/home/vivek/.rvm/rubies/jruby-1.7.3/lib/native/i386-Linux:/home/vivek/.rvm/rubies/jruby-1.7.3/lib/native/arm-Linux:/home/vivek/.rvm/rubies/jruby-1.7.3/lib/native/x86_64-Linux -Xmx500m -Xss2048k -Xbootclasspath/a:/home/vivek/.rvm/rubies/jruby-1.7.3/lib/jruby.jar 
java_command: org/jruby/Main /home/vivek/.rvm/gems/jruby-1.7.3/bin/ruby_noexec_wrapper /home/vivek/.rvm/gems/jruby-1.7.3/bin/rails s -e production
Launcher Type: SUN_STANDARD

Environment Variables:
PATH=/home/vivek/.rvm/gems/jruby-1.7.3/bin:/home/vivek/.rvm/gems/jruby-1.7.3@global/bin:/home/vivek/.rvm/rubies/jruby-1.7.3/bin:/home/vivek/.rvm/bin:/usr/lib/lightdm/lightdm:/usr/local/sbin:/usr/local/bin:/usr/sbin:/usr/bin:/sbin:/bin:/usr/games:/usr/local/games
SHELL=/bin/bash
DISPLAY=:0

Signal Handlers:
SIGSEGV: [libjvm.so+0x8574b0], sa_mask[0]=0x7ffbfeff, sa_flags=0x10000004
SIGBUS: [libjvm.so+0x8574b0], sa_mask[0]=0x7ffbfeff, sa_flags=0x10000004
SIGFPE: [libjvm.so+0x6f8200], sa_mask[0]=0x7ffbfeff, sa_flags=0x10000004
SIGPIPE: [libjvm.so+0x6f8200], sa_mask[0]=0x7ffbfeff, sa_flags=0x10000004
SIGXFSZ: [libjvm.so+0x6f8200], sa_mask[0]=0x7ffbfeff, sa_flags=0x10000004
SIGILL: [libjvm.so+0x6f8200], sa_mask[0]=0x7ffbfeff, sa_flags=0x10000004
SIGUSR1: SIG_DFL, sa_mask[0]=0x00000000, sa_flags=0x00000000
SIGUSR2: [libjvm.so+0x6f85d0], sa_mask[0]=0x00000000, sa_flags=0x10000004
SIGHUP: [libjvm.so+0x6f8710], sa_mask[0]=0x7ffbfeff, sa_flags=0x10000004
SIGINT: [libjvm.so+0x6f8710], sa_mask[0]=0x7ffbfeff, sa_flags=0x10000004
SIGTERM: [libjvm.so+0x6f8710], sa_mask[0]=0x7ffbfeff, sa_flags=0x10000004
SIGQUIT: [libjvm.so+0x6f8710], sa_mask[0]=0x7ffbfeff, sa_flags=0x10000004


---------------  S Y S T E M  ---------------

OS:Ubuntu 12.10 (quantal)
uname:Linux 3.5.0-30-generic #51-Ubuntu SMP Tue May 14 18:47:48 UTC 2013 x86_64
libc:glibc 2.15 NPTL 2.15 
rlimit: STACK 8192k, CORE 0k, NPROC 30651, NOFILE 4096, AS infinity
load average:0.67 0.57 0.82

/proc/meminfo:
MemTotal:        3941868 kB
MemFree:          958400 kB
Buffers:          140592 kB
Cached:          1134608 kB
SwapCached:            0 kB
Active:          1918916 kB
Inactive:         819188 kB
Active(anon):    1556912 kB
Inactive(anon):   338552 kB
Active(file):     362004 kB
Inactive(file):   480636 kB
Unevictable:       31336 kB
Mlocked:           31336 kB
SwapTotal:             0 kB
SwapFree:              0 kB
Dirty:               376 kB
Writeback:             0 kB
AnonPages:       1494480 kB
Mapped:           175488 kB
Shmem:            426604 kB
Slab:             110748 kB
SReclaimable:      76616 kB
SUnreclaim:        34132 kB
KernelStack:        4048 kB
PageTables:        40336 kB
NFS_Unstable:          0 kB
Bounce:                0 kB
WritebackTmp:          0 kB
CommitLimit:     1970932 kB
Committed_AS:    5207340 kB
VmallocTotal:   34359738367 kB
VmallocUsed:      358912 kB
VmallocChunk:   34359370272 kB
HardwareCorrupted:     0 kB
AnonHugePages:         0 kB
HugePages_Total:       0
HugePages_Free:        0
HugePages_Rsvd:        0
HugePages_Surp:        0
Hugepagesize:       2048 kB
DirectMap4k:       63488 kB
DirectMap2M:     4038656 kB


CPU:total 4 (2 cores per cpu, 2 threads per core) family 6 model 58 stepping 9, cmov, cx8, fxsr, mmx, sse, sse2, sse3, ssse3, sse4.1, sse4.2, popcnt, avx, ht, tsc, tscinvbit, tscinv

/proc/cpuinfo:
processor	: 0
vendor_id	: GenuineIntel
cpu family	: 6
model		: 58
model name	: Intel(R) Core(TM) i3-3220 CPU @ 3.30GHz
stepping	: 9
microcode	: 0x10
cpu MHz		: 3300.000
cache size	: 3072 KB
physical id	: 0
siblings	: 4
core id		: 0
cpu cores	: 2
apicid		: 0
initial apicid	: 0
fpu		: yes
fpu_exception	: yes
cpuid level	: 13
wp		: yes
flags		: fpu vme de pse tsc msr pae mce cx8 apic sep mtrr pge mca cmov pat pse36 clflush dts acpi mmx fxsr sse sse2 ss ht tm pbe syscall nx rdtscp lm constant_tsc arch_perfmon pebs bts rep_good nopl xtopology nonstop_tsc aperfmperf pni pclmulqdq dtes64 monitor ds_cpl vmx est tm2 ssse3 cx16 xtpr pdcm pcid sse4_1 sse4_2 popcnt tsc_deadline_timer xsave avx f16c lahf_lm arat epb xsaveopt pln pts dtherm tpr_shadow vnmi flexpriority ept vpid fsgsbase smep erms
bogomips	: 6585.02
clflush size	: 64
cache_alignment	: 64
address sizes	: 36 bits physical, 48 bits virtual
power management:

processor	: 1
vendor_id	: GenuineIntel
cpu family	: 6
model		: 58
model name	: Intel(R) Core(TM) i3-3220 CPU @ 3.30GHz
stepping	: 9
microcode	: 0x10
cpu MHz		: 3300.000
cache size	: 3072 KB
physical id	: 0
siblings	: 4
core id		: 1
cpu cores	: 2
apicid		: 2
initial apicid	: 2
fpu		: yes
fpu_exception	: yes
cpuid level	: 13
wp		: yes
flags		: fpu vme de pse tsc msr pae mce cx8 apic sep mtrr pge mca cmov pat pse36 clflush dts acpi mmx fxsr sse sse2 ss ht tm pbe syscall nx rdtscp lm constant_tsc arch_perfmon pebs bts rep_good nopl xtopology nonstop_tsc aperfmperf pni pclmulqdq dtes64 monitor ds_cpl vmx est tm2 ssse3 cx16 xtpr pdcm pcid sse4_1 sse4_2 popcnt tsc_deadline_timer xsave avx f16c lahf_lm arat epb xsaveopt pln pts dtherm tpr_shadow vnmi flexpriority ept vpid fsgsbase smep erms
bogomips	: 6585.02
clflush size	: 64
cache_alignment	: 64
address sizes	: 36 bits physical, 48 bits virtual
power management:

processor	: 2
vendor_id	: GenuineIntel
cpu family	: 6
model		: 58
model name	: Intel(R) Core(TM) i3-3220 CPU @ 3.30GHz
stepping	: 9
microcode	: 0x10
cpu MHz		: 3300.000
cache size	: 3072 KB
physical id	: 0
siblings	: 4
core id		: 0
cpu cores	: 2
apicid		: 1
initial apicid	: 1
fpu		: yes
fpu_exception	: yes
cpuid level	: 13
wp		: yes
flags		: fpu vme de pse tsc msr pae mce cx8 apic sep mtrr pge mca cmov pat pse36 clflush dts acpi mmx fxsr sse sse2 ss ht tm pbe syscall nx rdtscp lm constant_tsc arch_perfmon pebs bts rep_good nopl xtopology nonstop_tsc aperfmperf pni pclmulqdq dtes64 monitor ds_cpl vmx est tm2 ssse3 cx16 xtpr pdcm pcid sse4_1 sse4_2 popcnt tsc_deadline_timer xsave avx f16c lahf_lm arat epb xsaveopt pln pts dtherm tpr_shadow vnmi flexpriority ept vpid fsgsbase smep erms
bogomips	: 6585.02
clflush size	: 64
cache_alignment	: 64
address sizes	: 36 bits physical, 48 bits virtual
power management:

processor	: 3
vendor_id	: GenuineIntel
cpu family	: 6
model		: 58
model name	: Intel(R) Core(TM) i3-3220 CPU @ 3.30GHz
stepping	: 9
microcode	: 0x10
cpu MHz		: 3300.000
cache size	: 3072 KB
physical id	: 0
siblings	: 4
core id		: 1
cpu cores	: 2
apicid		: 3
initial apicid	: 3
fpu		: yes
fpu_exception	: yes
cpuid level	: 13
wp		: yes
flags		: fpu vme de pse tsc msr pae mce cx8 apic sep mtrr pge mca cmov pat pse36 clflush dts acpi mmx fxsr sse sse2 ss ht tm pbe syscall nx rdtscp lm constant_tsc arch_perfmon pebs bts rep_good nopl xtopology nonstop_tsc aperfmperf pni pclmulqdq dtes64 monitor ds_cpl vmx est tm2 ssse3 cx16 xtpr pdcm pcid sse4_1 sse4_2 popcnt tsc_deadline_timer xsave avx f16c lahf_lm arat epb xsaveopt pln pts dtherm tpr_shadow vnmi flexpriority ept vpid fsgsbase smep erms
bogomips	: 6585.02
clflush size	: 64
cache_alignment	: 64
address sizes	: 36 bits physical, 48 bits virtual
power management:



Memory: 4k page, physical 3941868k(958400k free), swap 0k(0k free)

vm_info: OpenJDK 64-Bit Server VM (23.7-b01) for linux-amd64 JRE (1.7.0_21-b02), built on Apr 22 2013 22:26:19 by "buildd" with gcc 4.7.2

time: Wed Jun  5 15:26:11 2013
elapsed time: 2 seconds

